NETBEGIN 1
CLUBEGIN 1
PERBEGIN 1
CLSBEGIN 1
HIEBEGIN 1
VECBEGIN 1

Msg Reading Pajek Project File  ---    C:\Users\rafa\Documents\pajek\scotland\Scotland.paj
Msg Reading Network   ---    Scotland.net [2-Mode]
Msg Reading Partition   ---    Affiliation partition of N1 [108,136]
Msg Reading Partition   ---    Industrial_categories.clu
Msg Reading Vector   ---    Capital.vec
N 9999 RDPAJ "C:\Users\rafa\Documents\pajek\scotland\Scotland.paj"
E 1 CIRCULAR
E 1 DRAW 1 0 0 0 0
E 1 KAMADA
Msg Saving network to file   ---    C:\Users\rafa\Documents\pajek\scotland\Scotland2.net
N 1 WN "C:\Users\rafa\Documents\pajek\scotland\Scotland2.net" 0 (244)
Msg Reading Network   ---    C:\Users\rafa\Documents\pajek\scotland\Scotland2.net
N 2 RDN "C:\Users\rafa\Documents\pajek\scotland\Scotland2.net" (244)
Msg Generating 1-mode network from 2-mode network
N 3 AFFILMULT 2 TRUE FALSE (108)
E 3 DRAW 0 0 0 0 0
Msg Generating 1-mode network from 2-mode network
N 4 AFFILMRN 2 1 FALSE FALSE TRUE (136)
E 4 DRAW 0 0 0 0 0
Msg Generating 1-mode network from 2-mode network
N 5 AFFIL 2 TRUE FALSE TRUE (108)
E 5 DRAW 0 0 0 0 0
E 4 DRAW 0 0 0 0 0
Msg 4. Network from COLS in affiliation network N2 relations determined by C1 (136)
N 4 INFONET 4 0 1 (136)
Msg 5. Network from ROWS in affiliation network N2 (108)
N 5 INFONET 5 0 1 (108)
Msg Generating 1-mode network from 2-mode network
N 6 AFFILMRN 2 1 TRUE FALSE TRUE (108)
Msg Generating 1-mode network from 2-mode network
N 7 AFFIL 2 FALSE FALSE TRUE (136)
Msg Generating 1-mode network from 2-mode network
N 8 AFFIL 2 TRUE FALSE TRUE (108)
Msg 8. Network from ROWS in affiliation network N2 (108)
N 8 INFONET 8 0 1 (108)
Msg 6. Network from ROWS in affiliation network N2 relations determined by C1 (108)
N 6 INFONET 6 0 1 (108)
Msg 6. Network from ROWS in affiliation network N2 relations determined by C1 (108)
N 6 INFONET 6 0 1 (108)
Msg Removing multiple lines
N 9 SIMPLS 6 (108)
Msg 9. Simplification (SUM) of N6 (108)
N 9 INFOLINES 9 #8
E 9 DRAW 0 0 0 0 0
Msg All degree centrality of 2. C:\Users\rafa\Documents\pajek\scotland\Scotland2.net [2-Mode] (244)
C 3 DEGC 2 [2] (244)
C 4 EXTP 3 1 [1] (108)
C 4 INFOCLU2 4 0 1 1 (108)
Msg 4. Extracting from C3 vertices determined by C1 [1] (108)
Msg Valued Core Partition
C 5 VALCORES 9 0.000 1.000 max [0] (108)
Msg Removing lines
N 10 REMLINL 9 2.0000 (108)
Msg Extracting Subnetwork according to Partition
N 11 EXT 10 5 [0-2] 1 (87)
Msg Weak Components
C 7 COMP 11 [2] [1] (87)
E 11 DRAW 7 0 0 0 0
E 9 DRAW 0 0 0 0 0
Msg Removing lines
N 12 REMLINL 9 2.0000 (108)
E 12 DRAW 0 0 0 0 0
E 12 DRAW 5 0 0 0 0
Msg Extracting Subnetwork according to Partition
N 13 EXT 12 5 [0-2] 1 (87)
E 13 DRAW 8 0 0 0 0
Msg Extracting Subnetwork according to Partition
N 14 EXT 9 5 [3-*] 1 (21)
E 14 DRAW 9 0 0 0 0
Msg Weak Components
C 10 COMP 14 [2] [1] (21)
E 14 DRAW 10 0 0 0 0
