NETBEGIN 1
CLUBEGIN 1
PERBEGIN 1
CLSBEGIN 1
HIEBEGIN 1
VECBEGIN 1

Msg Reading Network   ---    C:\Users\rafa\Documents\Doutorado\Redes Dou\Teste.net
N 1 RDN "C:\Users\rafa\Documents\Doutorado\Redes Dou\Teste.net" (62)
E 1 CIRCULAR
E 1 DRAW 0 0 0 0 0
Msg Reading Network   ---    C:\Users\rafa\Documents\Doutorado\Redes Dou\Teste2.net
N 2 RDN "C:\Users\rafa\Documents\Doutorado\Redes Dou\Teste2.net" (541)
E 2 CIRCULAR
E 2 DRAW 0 0 0 0 0
E 2 KAMADA
Msg Reading Network   ---    C:\Users\rafa\Documents\Doutorado\Redes Dou\Teste3.net
N 3 RDN "C:\Users\rafa\Documents\Doutorado\Redes Dou\Teste3.net" (541)
E 3 CIRCULAR
E 3 DRAW 0 0 0 0 0
E 3 FRUCHT
E 3 KAMADA
