NETBEGIN 1
CLUBEGIN 1
PERBEGIN 1
CLSBEGIN 1
HIEBEGIN 1
VECBEGIN 1

Msg Reading Network   ---    C:\Users\rafa\Documents\Artigos\Rede_da_presidente\nets\Nomes_Manipulada.net
N 1 RDN "C:\Users\rafa\Documents\Artigos\Rede_da_presidente\nets\Nomes_Manipulada.net" (34)
Msg Reading Vector   ---    C:\Users\rafa\Documents\Artigos\Rede_da_presidente\nets\VETOR-Mandato--Nomes-Manipulada.vec
V 1 RDV "C:\Users\rafa\Documents\Artigos\Rede_da_presidente\nets\VETOR-Mandato--Nomes-Manipulada.vec" (34)
E 1 DRAW 0 1 0 0 0
E 1 KAMADA
Msg All degree centrality of 1. C:\Users\rafa\Documents\Artigos\Rede_da_presidente\nets\Nomes_Manipulada.net (34)
C 1 DEGC 1 [2] (34)
V 2 PUT 1                       1.060606
V 3 MVEC 1 (34)
Msg Saving vector to file   ---    C:\Users\rafa\Documents\Artigos\Rede_da_presidente\nets\VETOR-Grau.vec
V 3 WV "C:\Users\rafa\Documents\Artigos\Rede_da_presidente\nets\VETOR-Grau.vec" 0 (34)
Msg Reading Vector   ---    C:\Users\rafa\Documents\Artigos\Rede_da_presidente\nets\VETOR-GrauPorTempo.vec
Msg Reading Vector   ---    C:\Users\rafa\Documents\Artigos\Rede_da_presidente\nets\VETOR-GrauPorTempo.vec
V 4 RDV "C:\Users\rafa\Documents\Artigos\Rede_da_presidente\nets\VETOR-GrauPorTempo.vec" (34)
E 1 DRAW 0 4 0 0 0
E 1 KAMADA
E 1 DRAW 0 4 0 0 0
Msg Reading Network   ---    C:\Users\rafa\Documents\Mestrado\CD\Redes\Ego-Dilma\Nomes-Todas\Nomes-Todas.net
N 2 RDN "C:\Users\rafa\Documents\Mestrado\CD\Redes\Ego-Dilma\Nomes-Todas\Nomes-Todas.net" (221392)
C 1 DC  (34)
V 4 DV  (34)
V 1 DV  (34)
V 2 DV  (34)
V 3 DV  (34)
Msg All degree centrality of 2. C:\Users\rafa\Documents\Mestrado\CD\Redes\Ego-Dilma\Nomes-Todas\Nomes-Todas.net (221392)
C 2 DEGC 2 [2] (221392)
Msg Saving partition to file   ---    C:\Users\rafa\Documents\Artigos\Rede_da_presidente\nets\GRAU da rede geral.clu
C 2 WC "C:\Users\rafa\Documents\Artigos\Rede_da_presidente\nets\GRAU da rede geral.clu" (221392)
V 5 DV  (221392)
C 2 DC  (221392)
Msg Disposing Network...
N 2 DN  (221392)
Msg Reading Vector   ---    C:\Users\rafa\Documents\Artigos\Rede_da_presidente\nets\VETOR-ProporcaoConexoesComDilmaETotal.vec
V 6 RDV "C:\Users\rafa\Documents\Artigos\Rede_da_presidente\nets\VETOR-ProporcaoConexoesComDilmaETotal.vec" (34)
Msg Reading Vector   ---    C:\Users\rafa\Documents\Artigos\Rede_da_presidente\nets\VETOR-Mandato--Nomes-Manipulada.vec
V 7 RDV "C:\Users\rafa\Documents\Artigos\Rede_da_presidente\nets\VETOR-Mandato--Nomes-Manipulada.vec" (34)
E 1 DRAW 0 7 0 0 0
Msg Pearson Correlation Coefficient
V 7 INFO2VEC 7 6 (34)
E 1 DRAW 0 6 0 0 0
Msg Reading Vector   ---    C:\Users\rafa\Documents\Artigos\Rede_da_presidente\nets\VETOR-MandatoEmAnos.vec
Msg Reading Vector   ---    C:\Users\rafa\Documents\Artigos\Rede_da_presidente\nets\VETOR-MandatoEmAnos.vec
V 8 RDV "C:\Users\rafa\Documents\Artigos\Rede_da_presidente\nets\VETOR-MandatoEmAnos.vec" (34)
Msg Reading Vector   ---    C:\Users\rafa\Documents\Artigos\Rede_da_presidente\nets\VETOR-PorccentagemConexoesComDilmaETotal.vec
V 9 RDV "C:\Users\rafa\Documents\Artigos\Rede_da_presidente\nets\VETOR-PorccentagemConexoesComDilmaETotal.vec" (34)
Msg Pearson Correlation Coefficient
V 9 INFO2VEC 9 8 (34)
E 1 DRAW 0 9 0 0 0
Msg Reading Network   ---    C:\Users\rafa\Documents\Artigos\Rede_da_presidente\nets\Nomes_Manipulada_soConexaoComDIlma.net
N 3 RDN "C:\Users\rafa\Documents\Artigos\Rede_da_presidente\nets\Nomes_Manipulada_soConexaoComDIlma.net" (34)
E 3 DRAW 0 9 0 0 0
Msg All degree centrality of 3. C:\Users\rafa\Documents\Artigos\Rede_da_presidente\nets\Nomes_Manipulada_soConexaoComDIlma.net (34)
C 3 DEGC 3 [2] (34)
Msg Storing line values as relation numbers
N 4 LINVALTORELNUM 3 (34)
Msg All degree centrality of 4. Relation Numbers obtained from Line Values of N3 (34)
C 4 DEGC 4 [2] (34)
Msg Reading Network   ---    C:\Users\rafa\Documents\Mestrado\CD\Redes\Ego-Dilma\Nomes-Todas\Nomes-Todas.net
N 5 RDN "C:\Users\rafa\Documents\Mestrado\CD\Redes\Ego-Dilma\Nomes-Todas\Nomes-Todas.net" (221392)
Msg 5. C:\Users\rafa\Documents\Mestrado\CD\Redes\Ego-Dilma\Nomes-Todas\Nomes-Todas.net (221392)
N 5 INFONET 5 0 1 (221392)
Msg 1. C:\Users\rafa\Documents\Artigos\Rede_da_presidente\nets\Nomes_Manipulada.net (34)
N 1 INFONET 1 0 1 (34)
Msg Reading Vector   ---    C:\Users\rafa\Documents\Artigos\Rede_da_presidente\nets\VETOR-GrauComDilma.vec
V 12 RDV "C:\Users\rafa\Documents\Artigos\Rede_da_presidente\nets\VETOR-GrauComDilma.vec" (34)
Msg Reading Vector   ---    C:\Users\rafa\Documents\Artigos\Rede_da_presidente\nets\VETOR-Orcamento.vec
Msg Reading Vector   ---    C:\Users\rafa\Documents\Artigos\Rede_da_presidente\nets\VETOR-Orcamento.vec
V 14 RDV "C:\Users\rafa\Documents\Artigos\Rede_da_presidente\nets\VETOR-Orcamento.vec" (34)
E 1 DRAW 0 14 12 0 0
E 1 KAMADA
E 1 FRUCHT
E 1 KAMADA
E 1 DRAW 0 14 0 0 0
E 1 KAMADA
E 1 KAMADA
E 1 KAMADA
Msg Reading Vector   ---    C:\Users\rafa\Documents\Artigos\Rede_da_presidente\nets\VETOR-Orcamento+1.vec
V 15 RDV "C:\Users\rafa\Documents\Artigos\Rede_da_presidente\nets\VETOR-Orcamento+1.vec" (34)
E 1 DRAW 0 15 0 0 0
E 1 KAMADA
Msg Saving network to file   ---    C:\Users\rafa\Documents\Artigos\Rede_da_presidente\nets\Nomes_Manipulada_visualizacaoOrcamento.net
N 1 WN "C:\Users\rafa\Documents\Artigos\Rede_da_presidente\nets\Nomes_Manipulada_visualizacaoOrcamento.net" 0 (34)
E 1 DRAW 0 15 0 0 0
E 1 DRAW 0 0 0 0 0
Msg Pearson Correlation Coefficient
V 14 INFO2VEC 14 12 (34)
