NETBEGIN 1
CLUBEGIN 1
PERBEGIN 1
CLSBEGIN 1
HIEBEGIN 1
VECBEGIN 1

Msg Reading Network   ---    C:\Users\rafa\Documents\pajek\Sawmill.net
N 1 RDN "C:\Users\rafa\Documents\pajek\Sawmill.net" (36)
Msg Reading Partition   ---    C:\Users\rafa\Documents\pajek\Sawmill.kcore.clu
C 1 RDC "C:\Users\rafa\Documents\pajek\Sawmill.kcore.clu" (36)
E 1 DRAW 1 0 0 0 0
Msg All degree centrality of 1. C:\Users\rafa\Documents\pajek\Sawmill.net (36)
C 2 DEGC 1 [2] (36)
E 1 DRAW 2 0 0 0 0
Msg k-Neighbours
C 3 NEIG 1 [12,0,2] (36)
E 1 DRAW 3 0 0 0 0
Msg k-Neighbours
C 4 NEIG 1 [12,0,2] (36)
E 1 DRAW 0 0 0 0 0
E 1 KAMADA
Msg Searching paths
N 2 SHP1C 1 [1,26] (9)
E 1 DRAW 5 0 0 0 0
Msg Betweenness centrality of 1. C:\Users\rafa\Documents\pajek\Sawmill.net (36)
V 2 BETWEEN 1 (36)
E 1 DRAW 0 2 0 0 0
E 1 KAMADA
Msg All closeness centrality of 1. C:\Users\rafa\Documents\pajek\Sawmill.net (36)
V 3 CLOSE 1 [2] (36)
E 1 DRAW 0 3 0 0 0
Msg Removing selected Vertices from Network
N 3 REMVERT 1 [12] 1 (35)
Msg Betweenness centrality of 3. Removing vertices [12] from N1 (35)
V 4 BETWEEN 3 (35)
E 3 DRAW 0 4 0 0 0
E 3 KAMADA
Msg 3. Removing vertices [12] from N1 (35)
N 3 INFONET 3 0 1 (35)
E 1 DRAW 0 0 0 0 0
Msg Betweenness centrality of 1. C:\Users\rafa\Documents\pajek\Sawmill.net (36)
V 5 BETWEEN 1 (36)
E 1 DRAW 6 0 0 0 0
E 1 DRAW 0 5 0 0 0
E 1 KAMADA
Msg Reading Network   ---    C:\Users\rafa\Documents\pajek\Sawmill.net
N 4 RDN "C:\Users\rafa\Documents\pajek\Sawmill.net" (36)
Msg Betweenness centrality of 4. C:\Users\rafa\Documents\pajek\Sawmill.net (36)
V 6 BETWEEN 4 (36)
E 4 DRAW 0 6 0 0 0
