NETBEGIN 1
CLUBEGIN 1
PERBEGIN 1
CLSBEGIN 1
HIEBEGIN 1
VECBEGIN 1

Msg Reading Pajek Project File  ---    C:\Users\rafa\Documents\TEIAS\Pajek\ESNAdata\Chapter2\World_trade.paj
Msg Reading Network   ---    Imports_manufactures.net
Msg Reading Partition   ---    World_system_1980.clu
Msg Reading Partition   ---    Continent.clu
Msg Reading Partition   ---    World_system.clu
Msg Reading Vector   ---    x_coordinates.vec
Msg Reading Vector   ---    y_coordinates.vec
Msg Reading Vector   ---    GDP_1995.vec
N 9999 RDPAJ "C:\Users\rafa\Documents\TEIAS\Pajek\ESNAdata\Chapter2\World_trade.paj"
E 1 DRAW 0 0 0 0 0
E 1 CIRCULAR
E 1 KAMADA
E 1 DRAW 3 0 0 0 0
E 1 KAMADA
E 1 DRAW 0 3 0 0 0
E 1 KAMADA
E 1 DRAW 3 3 0 0 0
