NETBEGIN 1
CLUBEGIN 1
PERBEGIN 1
CLSBEGIN 1
HIEBEGIN 1
VECBEGIN 1

Msg Reading Network   ---    C:\Users\rafa\Documents\Artigos\Ego\EgoDilma2012.net
N 1 RDN "C:\Users\rafa\Documents\Artigos\Ego\EgoDilma2012.net" (34)
E 1 DRAW 0 0 0 0 0
Msg Reading Network   ---    C:\Users\rafa\Documents\Artigos\Ego\EgoDilma2015.net
N 2 RDN "C:\Users\rafa\Documents\Artigos\Ego\EgoDilma2015.net" (37946)
Msg Disposing Network...
N 2 DN  (37946)
Msg Reading Network   ---    C:\Users\rafa\Documents\Artigos\Ego\EgoDilma2015.net
N 3 RDN "C:\Users\rafa\Documents\Artigos\Ego\EgoDilma2015.net" (37946)
Msg k-Neighbours
C 1 NEIG 3 [63,0,2] (37946)
Msg Extracting Subnetwork according to Partition
N 4 EXT 3 1 [4-*] 1 (13208)
Msg Extracting Subnetwork according to Partition
N 5 EXT 3 1 [0-3] 1 (24738)
Msg Extracting Subnetwork according to Partition
N 6 EXT 3 1 [0-2] 1 (8786)
E 6 CIRCULAR
E 6 DRAW 4 0 0 0 0
