NETBEGIN 1
CLUBEGIN 1
PERBEGIN 1
CLSBEGIN 1
HIEBEGIN 1
VECBEGIN 1

Msg Reading Network   ---    C:\Users\rafa\Documents\Artigos\Ego\EgoDilma2015.net
N 1 RDN "C:\Users\rafa\Documents\Artigos\Ego\EgoDilma2015.net" (37946)
Msg k-Neighbours
C 1 NEIG 1 [63,2,2] (37946)
Msg Extracting Subnetwork according to Partition
N 2 EXT 1 1 [0-2] 1 (8786)
Msg Removing multiple lines
N 3 SIMPLS 2 (8786)
Msg Saving network to file   ---    C:\Users\rafa\Documents\Artigos\Ego\EgoSomada.paj
Msg Saving network to file   ---    C:\Users\rafa\Documents\Artigos\Ego\EgoSomada.paj
Msg Saving network to file   ---    C:\Users\rafa\Documents\Artigos\Ego\EgoSomada.paj
Msg Saving partition to file   ---    C:\Users\rafa\Documents\Artigos\Ego\EgoSomada.paj
Msg Saving partition to file   ---    C:\Users\rafa\Documents\Artigos\Ego\EgoSomada.paj
N 9999 WRPAJ "C:\Users\rafa\Documents\Artigos\Ego\EgoSomada.paj"
E 3 CIRCULAR
E 3 DRAW 2 0 0 0 0
