NETBEGIN 1
CLUBEGIN 1
PERBEGIN 1
CLSBEGIN 1
HIEBEGIN 1
VECBEGIN 1

Msg Reading Network   ---    C:\Users\rafa\Documents\Projects\zapzapnet\Network.net
N 1 RDN "C:\Users\rafa\Documents\Projects\zapzapnet\Network.net" (10)
E 1 CIRCULAR
E 1 DRAW 0 0 0 0 0
Msg Reading Network   ---    C:\Users\rafa\Documents\Projects\zapzapnet\Network.net
N 2 RDN "C:\Users\rafa\Documents\Projects\zapzapnet\Network.net" (10)
E 2 CIRCULAR
E 2 DRAW 0 0 0 0 0
E 2 KAMADA
E 2 KAMADA
Msg Removing multiple lines
N 3 SIMPLS 2 (10)
E 3 DRAW 0 0 0 0 0
E 3 KAMADA
