NETBEGIN 1
CLUBEGIN 1
PERBEGIN 1
CLSBEGIN 1
HIEBEGIN 1
VECBEGIN 1

Msg Reading Network   ---    C:\Users\rafa\Documents\Artigos\Ego\EgoDilma2015_.net
N 1 RDN "C:\Users\rafa\Documents\Artigos\Ego\EgoDilma2015_.net" (514)
Msg k-Neighbours
C 1 NEIG 1 [10,0,2] (514)
Msg Extracting Subnetwork according to Partition
N 2 EXT 1 1 [0-1] 1 (49)
Msg Saving network to file   ---    C:\Users\rafa\Documents\Artigos\Ego\EgoDilma20151nhood.net
N 2 WN "C:\Users\rafa\Documents\Artigos\Ego\EgoDilma20151nhood.net" 0 (49)
E 2 DRAW 0 0 0 0 0
E 2 KAMADA
Msg Removing selected Vertices from Network
N 3 REMVERT 2 [5,14,40,46] 1 (45)
Msg Saving network to file   ---    C:\Users\rafa\Documents\Artigos\Ego\EgoDilma20151nhood.net
N 3 WN "C:\Users\rafa\Documents\Artigos\Ego\EgoDilma20151nhood.net" 0 (45)
E 3 DRAW 0 0 0 0 0
Msg Reading Network   ---    C:\Users\rafa\Documents\Artigos\Ego\EgoDilma20151nhood.net
N 4 RDN "C:\Users\rafa\Documents\Artigos\Ego\EgoDilma20151nhood.net" (49)
E 4 DRAW 0 0 0 0 0
Msg Removing selected Vertices from Network
N 5 REMVERT 4 [5,14,40,46] 1 (45)
Msg Saving network to file   ---    C:\Users\rafa\Documents\Artigos\Ego\EgoDilma20151n.net
N 5 WN "C:\Users\rafa\Documents\Artigos\Ego\EgoDilma20151n.net" 0 (45)
