NETBEGIN 1
CLUBEGIN 1
PERBEGIN 1
CLSBEGIN 1
HIEBEGIN 1
VECBEGIN 1

Msg Reading Pajek Project File  ---    C:\Users\rafa\Documents\TEIAS\Pajek\ESNAdata\Chapter3\Attiro.paj
Msg Reading Network   ---    triad_dir.net
Msg Reading Network   ---    triad_undir.net
Msg Reading Network   ---    Attiro.net
Msg Reading Partition   ---    Attiro_grouping.clu
N 9999 RDPAJ "C:\Users\rafa\Documents\TEIAS\Pajek\ESNAdata\Chapter3\Attiro.paj"
E 3 DRAW 0 0 0 0 0
E 3 KAMADA
E 3 DRAW 1 0 0 0 0
E 3 KAMADA
E 3 KAMADA
E 3 KAMADA
E 3 KAMADACOMP
E 3 KAMADA
E 3 DRAW 0 0 0 0 0
E 3 KAMADA
E 3 DRAW 1 0 0 0 0
Msg All degree centrality of 3. Attiro.net (60)
C 2 DEGC 3 [2] (60)
E 3 DRAW 2 0 0 0 0
Msg Output degree centrality of 3. Attiro.net (60)
C 3 DEGC 3 [1] (60)
E 3 DRAW 3 0 0 0 0
V 3 MVEC 3 (60)
E 3 DRAW 1 3 0 0 0
Msg Input degree centrality of 3. Attiro.net (60)
C 4 DEGC 3 [0] (60)
V 5 MVEC 4 (60)
E 3 DRAW 1 5 0 0 0
E 3 KAMADA
C 4 INFOCLU1 4 3 0 1 1 (60)
Msg 4. Input Degree partition of N3 (60)
Msg Reading Pajek Project File  ---    C:\Users\rafa\Documents\TEIAS\Pajek\ESNAdata\Chapter3\SanJuanSur.paj
Msg Reading Network   ---    SanJuanSur.net
Msg Reading Network   ---    SanJuanSur_deathmessage.net
Msg Reading Partition   ---    SanJuanSur_deathmessage.clu
Msg Reading Partition   ---    SanJuanSur_grouping.clu
N 9999 RDPAJ "C:\Users\rafa\Documents\TEIAS\Pajek\ESNAdata\Chapter3\SanJuanSur.paj"
E 5 DRAW 6 0 0 0 0
E 5 DRAW 5 0 0 0 0
E 3 DRAW 4 0 0 0 0
E 3 KAMADA
E 3 DRAW 0 4 0 0 0
E 3 DRAW 1 0 0 0 0
E 3 DRAW 1 4 0 0 0
E 3 DRAW 1 4 0 0 0
Msg Canonical Partition
C 7 CAN 1 [1] (60)
Msg Strong Components
C 8 COMP 3 [1] [1] (60)
E 3 DRAW 8 0 0 0 0
E 3 DRAW 8 0 0 0 0
E 3 DRAW 8 0 0 0 0
E 3 KAMADA
E 3 DRAW 1 0 0 0 0
E 3 DRAW 8 0 0 0 0
