NETBEGIN 1
CLUBEGIN 1
PERBEGIN 1
CLSBEGIN 1
HIEBEGIN 1
VECBEGIN 1

Msg Reading Network   ---    C:\Users\rafa\Documents\TEIAS\Pajek\ESNAdata\Chapter6\Sawmill.net
N 1 RDN "C:\Users\rafa\Documents\TEIAS\Pajek\ESNAdata\Chapter6\Sawmill.net" (36)
E 1 DRAW 0 0 0 0 0
E 1 KAMADA
Msg All closeness centrality of 1. C:\Users\rafa\Documents\TEIAS\Pajek\ESNAdata\Chapter6\Sawmill.net (36)
V 1 CLOSE 1 [2] (36)
E 1 DRAW 0 1 0 0 0
Msg Betweenness centrality of 1. C:\Users\rafa\Documents\TEIAS\Pajek\ESNAdata\Chapter6\Sawmill.net (36)
V 2 BETWEEN 1 (36)
E 1 DRAW 0 2 0 0 0
Msg Disposing Network...
N 1 DN  (36)
V 2 DV  (36)
V 1 DV  (36)
Msg Reading Pajek Project File  ---    C:\Users\rafa\Documents\TEIAS\Pajek\ESNAdata\Chapter7\Strike.paj
Msg Reading Network   ---    Strike.net
Msg Reading Partition   ---    Strike_groups.clu
N 9999 RDPAJ "C:\Users\rafa\Documents\TEIAS\Pajek\ESNAdata\Chapter7\Strike.paj"
E 2 DRAW 1 0 0 0 0
Msg Biconnected Components
N 3 BIC 2 [3] (24)
E 3 DRAW 3 0 0 0 0
Msg Biconnected Components
N 2 BIC 2 [2] (24)
E 2 DRAW 5 0 0 0 0
E 2 DRAW 4 0 0 0 0
E 3 DRAW 4 0 0 0 0
V 3 MVEC 5 (24)
E 3 DRAW 0 3 0 0 0
Msg All closeness centrality of 3. Biconnected Components of N2 [>=3] (24)
V 4 CLOSE 3 [2] (24)
E 3 DRAW 5 4 0 0 0
Msg Betweenness centrality of 3. Biconnected Components of N2 [>=3] (24)
V 5 BETWEEN 3 (24)
E 3 DRAW 5 5 0 0 0
Msg Removing multiple lines
Msg Removing loops
Msg Structural Holes
V 6 STRHOLES 3 (24)
E 5 DRAW 0 6 0 0 0
